<?xml version="1.0" encoding="UTF-8"?>
<testng-results skipped="0" failed="0" ignored="0" total="1" passed="1">
  <reporter-output>
  </reporter-output>
  <suite name="Default suite" duration-ms="44118" started-at="2018-12-27T12:29:44Z" finished-at="2018-12-27T12:30:28Z">
    <groups>
    </groups>
    <test name="Default test" duration-ms="44118" started-at="2018-12-27T12:29:44Z" finished-at="2018-12-27T12:30:28Z">
      <class name="com.deep.framework.main.App">
        <test-method status="PASS" signature="loadUrl()[pri:0, instance:com.deep.framework.main.App@26be92ad]" name="loadUrl" duration-ms="44080" started-at="2018-12-27T12:29:44Z" finished-at="2018-12-27T12:30:28Z">
          <reporter-output>
          </reporter-output>
        </test-method> <!-- loadUrl -->
      </class> <!-- com.deep.framework.main.App -->
    </test> <!-- Default test -->
  </suite> <!-- Default suite -->
</testng-results>
